
> @peaq/web@0.1.0 build
> next build

▲ Next.js 16.1.6 (Turbopack)
- Environments: .env.local

⚠ The "middleware" file convention is deprecated. Please use "proxy" instead. Learn more: https://nextjs.org/docs/messages/middleware-to-proxy
  Creating an optimized production build ...
✓ Compiled successfully in 2.5s
  Running TypeScript ...
  Collecting page data using 11 workers ...
  Generating static pages using 11 workers (0/64) ...
  Generating static pages using 11 workers (16/64) 
  Generating static pages using 11 workers (32/64) 
  Generating static pages using 11 workers (48/64) 
✓ Generating static pages using 11 workers (64/64) in 179.3ms
  Finalizing page optimization ...

Route (app)
┌ ○ /
├ ○ /_not-found
├ ○ /admin/oral-results
├ ƒ /api/account/delete
├ ƒ /api/account/export
├ ƒ /api/admin/oral-regen
├ ƒ /api/admin/oral-results
├ ƒ /api/admin/recalculate
├ ƒ /api/admin/whoop-sync
├ ƒ /api/auth/logout
├ ƒ /api/auth/oura/disconnect
├ ƒ /api/auth/whoop/callback
├ ƒ /api/auth/whoop/connect
├ ƒ /api/auth/whoop/disconnect
├ ƒ /api/chat
├ ƒ /api/cron/lock-labs
├ ƒ /api/cron/morning-sync
├ ƒ /api/cron/weekly-snapshots
├ ƒ /api/dashboard/score-poll
├ ƒ /api/guidance/generate
├ ƒ /api/insights/expand
├ ƒ /api/insights/generate
├ ƒ /api/junction/disconnect
├ ƒ /api/junction/link-token
├ ƒ /api/junction/sync
├ ƒ /api/junction/wearable-connected
├ ƒ /api/junction/webhook
├ ƒ /api/kit/register
├ ƒ /api/kit/status
├ ƒ /api/lab/test-data
├ ƒ /api/labs/insight
├ ƒ /api/labs/save
├ ƒ /api/labs/status/[jobId]
├ ƒ /api/labs/upload
├ ƒ /api/lifestyle/save
├ ƒ /api/nhanes/compare
├ ƒ /api/oral/narrative
├ ƒ /api/oral/test-data
├ ƒ /api/push/send
├ ƒ /api/push/subscribe
├ ƒ /api/quiz/submit
├ ƒ /api/score/latest
├ ƒ /api/score/recalculate
├ ƒ /api/sleep/manual
├ ƒ /api/sync/nightly
├ ƒ /api/sync/now
├ ƒ /api/trends
├ ƒ /api/trends/checkin
├ ƒ /api/trends/sleep-narrative
├ ƒ /api/trends/weekly-snapshot
├ ƒ /api/waitlist
├ ƒ /api/wearable/disconnect
├ ƒ /api/wearable/resync
├ ƒ /api/whoop/sync-all
├ ƒ /dashboard
├ ƒ /dashboard/blood
├ ƒ /dashboard/cross-panel
├ ƒ /dashboard/guidance
├ ƒ /dashboard/insights
├ ƒ /dashboard/oral
├ ƒ /dashboard/sleep
├ ○ /explore
├ ƒ /explore/bacteria/[slug]
├ ○ /kit/register
├ ƒ /login
├ ○ /onboarding
├ ○ /panels
├ ○ /privacy
├ ○ /science
├ ƒ /settings
├ ƒ /settings/labs
├ ƒ /settings/lifestyle
├ ○ /shop
├ ○ /signup
└ ○ /trends


ƒ Proxy (Middleware)

○  (Static)   prerendered as static content
ƒ  (Dynamic)  server-rendered on demand

